<?xml version="1.0" encoding="UTF-8"?>
<!-- Generated by org.testng.reporters.JUnitReportReporter -->
<testsuite hostname="LAPTOP-6JLE5TPP" failures="0" tests="1" name="Capstone_TestCases.TC1_TestNg" time="101.414" errors="0" timestamp="2023-06-19T22:43:21 IST" skipped="0">
  <testcase classname="Capstone_TestCases.TC1_TestNg" name="scenarioDemo" time="101.414"/>
  <system-out/>
</testsuite> <!-- Capstone_TestCases.TC1_TestNg -->
