<?xml version="1.0" encoding="UTF-8"?>
<!-- Generated by org.testng.reporters.JUnitReportReporter -->
<testsuite hostname="LAPTOP-6JLE5TPP" failures="0" tests="2" name="Capstone_TestCases.TC3" time="9.391" errors="0" timestamp="2023-06-18T23:31:14 IST" skipped="0">
  <testcase classname="Capstone_TestCases.TC3" name="DemoScenario" time="4.968"/>
  <system-out/>
  <testcase classname="Capstone_TestCases.TC3" name="DemoScenario" time="4.423"/>
  <system-out/>
</testsuite> <!-- Capstone_TestCases.TC3 -->
