<?xml version="1.0" encoding="UTF-8"?>
<!-- Generated by org.testng.reporters.JUnitReportReporter -->
<testsuite hostname="LAPTOP-6JLE5TPP" failures="0" tests="2" name="Capstone_TestCases.TC2" time="53.447" errors="0" timestamp="2023-06-19T13:56:39 IST" skipped="0">
  <testcase classname="Capstone_TestCases.TC2" name="DemoScenario" time="27.296"/>
  <system-out/>
  <testcase classname="Capstone_TestCases.TC2" name="DemoScenario" time="26.151"/>
  <system-out/>
</testsuite> <!-- Capstone_TestCases.TC2 -->
